log started: Tue Dec  5 18:13:08 2023

Log file: ./leap.log
>> #
>> # ----- leaprc for loading the ff14SB force field
>> # ----- NOTE: this is designed for PDB format 3!
>> #
>> #	load atom type hybridizations
>> #
>> addAtomTypes {
>> 	{ "H"   "H" "sp3" }
>> 	{ "HO"  "H" "sp3" }
>> 	{ "HS"  "H" "sp3" }
>> 	{ "H1"  "H" "sp3" }
>> 	{ "H2"  "H" "sp3" }
>> 	{ "H3"  "H" "sp3" }
>> 	{ "H4"  "H" "sp3" }
>> 	{ "H5"  "H" "sp3" }
>> 	{ "HW"  "H" "sp3" }
>> 	{ "HC"  "H" "sp3" }
>> 	{ "HA"  "H" "sp3" }
>> 	{ "HP"  "H" "sp3" }
>> 	{ "HZ"  "H" "sp3" }
>> 	{ "OH"  "O" "sp3" }
>> 	{ "OS"  "O" "sp3" }
>> 	{ "O"   "O" "sp2" }
>> 	{ "O2"  "O" "sp2" }
>> 	{ "OP"  "O" "sp2" }
>> 	{ "OW"  "O" "sp3" }
>> 	{ "CT"  "C" "sp3" }
>> 	{ "CX"  "C" "sp3" }
>> 	{ "C8"  "C" "sp3" }
>> 	{ "2C"  "C" "sp3" }
>> 	{ "3C"  "C" "sp3" }
>> 	{ "CH"  "C" "sp3" }
>> 	{ "CS"  "C" "sp2" }
>> 	{ "C"   "C" "sp2" }
>> 	{ "CO"   "C" "sp2" }
>> 	{ "C*"  "C" "sp2" }
>> 	{ "CA"  "C" "sp2" }
>> 	{ "CB"  "C" "sp2" }
>> 	{ "CC"  "C" "sp2" }
>> 	{ "CN"  "C" "sp2" }
>> 	{ "CM"  "C" "sp2" }
>> 	{ "CK"  "C" "sp2" }
>> 	{ "CQ"  "C" "sp2" }
>> 	{ "CD"  "C" "sp2" }
>> 	{ "C5"  "C" "sp2" }
>> 	{ "C4"  "C" "sp2" }
>> 	{ "CP"  "C" "sp2" }
>> 	{ "CI"  "C" "sp3" }
>> 	{ "CJ"  "C" "sp2" }
>> 	{ "CW"  "C" "sp2" }
>> 	{ "CV"  "C" "sp2" }
>> 	{ "CR"  "C" "sp2" }
>> 	{ "CA"  "C" "sp2" }
>> 	{ "CY"  "C" "sp2" }
>> 	{ "C0"  "Ca" "sp3" }
>> 	{ "MG"  "Mg" "sp3" }
>> 	{ "N"   "N" "sp2" }
>> 	{ "NA"  "N" "sp2" }
>> 	{ "N2"  "N" "sp2" }
>> 	{ "N*"  "N" "sp2" }
>> 	{ "NP"  "N" "sp2" }
>> 	{ "NQ"  "N" "sp2" }
>> 	{ "NB"  "N" "sp2" }
>> 	{ "NC"  "N" "sp2" }
>> 	{ "NT"  "N" "sp3" }
>> 	{ "NY"  "N" "sp2" }
>> 	{ "N3"  "N" "sp3" }
>> 	{ "S"   "S" "sp3" }
>> 	{ "SH"  "S" "sp3" }
>> 	{ "P"   "P" "sp3" }
>> 	{ "LP"  ""  "sp3" }
>> 	{ "EP"  ""  "sp3" }
>> 	{ "F"   "F" "sp3" }
>> 	{ "Cl"  "Cl" "sp3" }
>> 	{ "Br"  "Br" "sp3" }
>> 	{ "I"   "I"  "sp3" }
>> }
>> #
>> #	Load the main parameter set.
>> #
>> parm10 = loadamberparams parm10.dat
Loading parameters: /Users/karasunoyusaku/apps/amber22/dat/leap/parm/parm10.dat
Reading title:
PARM99 + frcmod.ff99SB + frcmod.parmbsc0 + OL3 for RNA
>> frcmod14SB = loadamberparams frcmod.ff14SB
Loading parameters: /Users/karasunoyusaku/apps/amber22/dat/leap/parm/frcmod.ff14SB
Reading force field modification type file (frcmod)
Reading title:
ff14SB protein backbone and sidechain parameters
>> #
>> #	Load main chain and terminating amino acid libraries
>> #
>> loadOff amino12.lib
Loading library: /Users/karasunoyusaku/apps/amber22/dat/leap/lib/amino12.lib
Loading: ALA
Loading: ARG
Loading: ASH
Loading: ASN
Loading: ASP
Loading: CYM
Loading: CYS
Loading: CYX
Loading: GLH
Loading: GLN
Loading: GLU
Loading: GLY
Loading: HID
Loading: HIE
Loading: HIP
Loading: HYP
Loading: ILE
Loading: LEU
Loading: LYN
Loading: LYS
Loading: MET
Loading: PHE
Loading: PRO
Loading: SER
Loading: THR
Loading: TRP
Loading: TYR
Loading: VAL
>> loadOff aminoct12.lib
Loading library: /Users/karasunoyusaku/apps/amber22/dat/leap/lib/aminoct12.lib
Loading: CALA
Loading: CARG
Loading: CASN
Loading: CASP
Loading: CCYS
Loading: CCYX
Loading: CGLN
Loading: CGLU
Loading: CGLY
Loading: CHID
Loading: CHIE
Loading: CHIP
Loading: CHYP
Loading: CILE
Loading: CLEU
Loading: CLYS
Loading: CMET
Loading: CPHE
Loading: CPRO
Loading: CSER
Loading: CTHR
Loading: CTRP
Loading: CTYR
Loading: CVAL
Loading: NHE
Loading: NME
>> loadOff aminont12.lib
Loading library: /Users/karasunoyusaku/apps/amber22/dat/leap/lib/aminont12.lib
Loading: ACE
Loading: NALA
Loading: NARG
Loading: NASN
Loading: NASP
Loading: NCYS
Loading: NCYX
Loading: NGLN
Loading: NGLU
Loading: NGLY
Loading: NHID
Loading: NHIE
Loading: NHIP
Loading: NILE
Loading: NLEU
Loading: NLYS
Loading: NMET
Loading: NPHE
Loading: NPRO
Loading: NSER
Loading: NTHR
Loading: NTRP
Loading: NTYR
Loading: NVAL
>> 
>> #
>> #	Define the PDB name map for the amino acids
>> #
>> addPdbResMap {
>>   { 0 "HYP" "HYP" } { 1 "HYP" "CHYP" }
>>   { 0 "ALA" "NALA" } { 1 "ALA" "CALA" }
>>   { 0 "ARG" "NARG" } { 1 "ARG" "CARG" }
>>   { 0 "ASN" "NASN" } { 1 "ASN" "CASN" }
>>   { 0 "ASP" "NASP" } { 1 "ASP" "CASP" }
>>   { 0 "CYS" "NCYS" } { 1 "CYS" "CCYS" }
>>   { 0 "CYX" "NCYX" } { 1 "CYX" "CCYX" }
>>   { 0 "GLN" "NGLN" } { 1 "GLN" "CGLN" }
>>   { 0 "GLU" "NGLU" } { 1 "GLU" "CGLU" }
>>   { 0 "GLY" "NGLY" } { 1 "GLY" "CGLY" }
>>   { 0 "HID" "NHID" } { 1 "HID" "CHID" }
>>   { 0 "HIE" "NHIE" } { 1 "HIE" "CHIE" }
>>   { 0 "HIP" "NHIP" } { 1 "HIP" "CHIP" }
>>   { 0 "ILE" "NILE" } { 1 "ILE" "CILE" }
>>   { 0 "LEU" "NLEU" } { 1 "LEU" "CLEU" }
>>   { 0 "LYS" "NLYS" } { 1 "LYS" "CLYS" }
>>   { 0 "MET" "NMET" } { 1 "MET" "CMET" }
>>   { 0 "PHE" "NPHE" } { 1 "PHE" "CPHE" }
>>   { 0 "PRO" "NPRO" } { 1 "PRO" "CPRO" }
>>   { 0 "SER" "NSER" } { 1 "SER" "CSER" }
>>   { 0 "THR" "NTHR" } { 1 "THR" "CTHR" }
>>   { 0 "TRP" "NTRP" } { 1 "TRP" "CTRP" }
>>   { 0 "TYR" "NTYR" } { 1 "TYR" "CTYR" }
>>   { 0 "VAL" "NVAL" } { 1 "VAL" "CVAL" }
>>   { 0 "HIS" "NHIS" } { 1 "HIS" "CHIS" }
>> }
>> 
>> #
>> # assume that most often proteins use HIE
>> #
>> NHIS = NHIE
>> HIS = HIE
>> CHIS = CHIE
> 
> source leaprc.water.tip3p
----- Source: /Users/karasunoyusaku/apps/amber22/dat/leap/cmd/leaprc.water.tip3p
----- Source of /Users/karasunoyusaku/apps/amber22/dat/leap/cmd/leaprc.water.tip3p done
>> #
>> #       Load water and ions for TIP3P + Li/Merz monovalent ions 
>> #       + Joung-Chetham monovalent ions
>> #       + Li/Merz highly charged ions (+2 to +4, 12-6 normal usage set)
>> #
>> #       Note: the Li/Merz monovalent set is loaded only to get Tl+,
>> #          Cu+, Ag+ NH4+, H3O+.  Since we load Joung-Cheatham second,
>> #          the alkali halide parameters come from the Joung-Cheatham set
>> #
>> addAtomTypes {
>> 	{ "HW"  "H" "sp3" }
>> 	{ "OW"  "O" "sp3" }
>> 	{ "F-"   "F" "sp3" }
>> 	{ "Cl-"  "Cl" "sp3" }
>> 	{ "Br-"  "Br" "sp3" }
>> 	{ "I-"   "I"  "sp3" }
>> 	{ "Li+"  "Li"  "sp3" }
>> 	{ "Na+"  "Na"  "sp3" }
>> 	{ "K+"  "K"  "sp3" }
>> 	{ "Rb+"  "Rb"  "sp3" }
>> 	{ "Cs+"  "Cs"  "sp3" }
>> 	{ "Mg+"  "Mg"  "sp3" }
>>     { "Tl+"  "Tl"  "sp3" }
>>     { "Cu+"  "Cu"  "sp3" }
>>     { "Ag+"  "Ag"  "sp3" }
>>     { "NH4+"  "N"  "sp3" }
>>     { "H3O+"  "O"  "sp3" }
>>     { "Be2+" "Be"  "sp3" }
>>     { "Cu2+" "Cu"  "sp3" }
>>     { "Ni2+" "Ni"  "sp3" }
>>     { "Pt2+" "Pt"  "sp3" }
>>     { "Zn2+" "Zn"  "sp3" }
>>     { "Co2+" "Co"  "sp3" }
>>     { "Pd2+" "Pd"  "sp3" }
>>     { "Ag2+" "Ag"  "sp3" }
>>     { "Cr2+" "Cr"  "sp3" }
>>     { "Fe2+" "Fe"  "sp3" }
>>     { "Mg2+" "Mg"  "sp3" }
>>     { "V2+"  "V"   "sp3" }
>>     { "Mn2+" "Mn"  "sp3" }
>>     { "Hg2+" "Hg"  "sp3" }
>>     { "Cd2+" "Cd"  "sp3" }
>>     { "Yb2+" "Yb"  "sp3" }
>>     { "Ca2+" "Ca"  "sp3" }
>>     { "Sn2+" "Sn"  "sp3" }
>>     { "Pb2+" "Pb"  "sp3" }
>>     { "Eu2+" "Eu"  "sp3" }
>>     { "Sr2+" "Sr"  "sp3" }
>>     { "Sm2+" "Sm"  "sp3" }
>>     { "Ba2+" "Ba"  "sp3" }
>>     { "Ra2+" "Ra"  "sp3" }
>>     { "Al3+" "Al"  "sp3" }
>>     { "Fe3+" "Fe"  "sp3" }
>>     { "Cr3+" "Cr"  "sp3" }
>>     { "In3+" "In"  "sp3" }
>>     { "Tl3+" "Tl"  "sp3" }
>>     { "Y3+"  "Y"   "sp3" }
>>     { "La3+" "La"  "sp3" }
>>     { "Ce3+" "Ce"  "sp3" }
>>     { "Pr3+" "Pr"  "sp3" }
>>     { "Nd3+" "Nd"  "sp3" }
>>     { "Sm3+" "Sm"  "sp3" }
>>     { "Eu3+" "Eu"  "sp3" }
>>     { "Gd3+" "Gd"  "sp3" }
>>     { "Tb3+" "Tb"  "sp3" }
>>     { "Dy3+" "Dy"  "sp3" }
>>     { "Er3+" "Er"  "sp3" }
>>     { "Tm3+" "Tm"  "sp3" }
>>     { "Lu3+" "Lu"  "sp3" }
>>     { "Hf4+" "Hf"  "sp3" }
>>     { "Zr4+" "Zr"  "sp3" }
>>     { "Ce4+" "Ce"  "sp3" }
>>     { "U4+"  "U"   "sp3" }
>>     { "Pu4+" "Pu"  "sp3" }
>>     { "Th4+" "Th"  "sp3" }
>> }
>> loadOff atomic_ions.lib
Loading library: /Users/karasunoyusaku/apps/amber22/dat/leap/lib/atomic_ions.lib
Loading: AG
Loading: AL
Loading: Ag
Loading: BA
Loading: BR
Loading: Be
Loading: CA
Loading: CD
Loading: CE
Loading: CL
Loading: CO
Loading: CR
Loading: CS
Loading: CU
Loading: CU1
Loading: Ce
Loading: Cl-
Loading: Cr
Loading: Dy
Loading: EU
Loading: EU3
Loading: Er
Loading: F
Loading: FE
Loading: FE2
Loading: GD3
Loading: H3O+
Loading: HE+
Loading: HG
Loading: HZ+
Loading: Hf
Loading: IN
Loading: IOD
Loading: K
Loading: K+
Loading: LA
Loading: LI
Loading: LU
Loading: MG
Loading: MN
Loading: NA
Loading: NH4
Loading: NI
Loading: Na+
Loading: Nd
Loading: PB
Loading: PD
Loading: PR
Loading: PT
Loading: Pu
Loading: RB
Loading: Ra
Loading: SM
Loading: SR
Loading: Sm
Loading: Sn
Loading: TB
Loading: TL
Loading: Th
Loading: Tl
Loading: Tm
Loading: U4+
Loading: V2+
Loading: Y
Loading: YB2
Loading: ZN
Loading: Zr
>> loadOff solvents.lib
Loading library: /Users/karasunoyusaku/apps/amber22/dat/leap/lib/solvents.lib
Loading: CHCL3BOX
Loading: DC4
Loading: FB3
Loading: FB3BOX
Loading: FB4
Loading: FB4BOX
Loading: MEOHBOX
Loading: NMABOX
Loading: O3P
Loading: OP3
Loading: OPC
Loading: OPC3BOX
Loading: OPC3POLBOX
Loading: OPCBOX
Loading: PL3
Loading: POL3BOX
Loading: QSPCFWBOX
Loading: SPC
Loading: SPCBOX
Loading: SPCFWBOX
Loading: SPF
Loading: SPG
Loading: T4E
Loading: TIP3PBOX
Loading: TIP3PFBOX
Loading: TIP4PBOX
Loading: TIP4PEWBOX
Loading: TIP5PBOX
Loading: TP3
Loading: TP4
Loading: TP5
Loading: TPF
>> HOH = TP3
>> WAT = TP3
>> loadAmberParams frcmod.tip3p
Loading parameters: /Users/karasunoyusaku/apps/amber22/dat/leap/parm/frcmod.tip3p
Reading force field modification type file (frcmod)
Reading title:
This is the additional/replacement parameter set for TIP3P water
>> loadAmberParams frcmod.ions1lm_126_tip3p
Loading parameters: /Users/karasunoyusaku/apps/amber22/dat/leap/parm/frcmod.ions1lm_126_tip3p
Reading force field modification type file (frcmod)
Reading title:
Li/Merz ion parameters of monovalent ions for TIP3P water model (12-6 normal usage set)
>> loadAmberParams frcmod.ionsjc_tip3p
Loading parameters: /Users/karasunoyusaku/apps/amber22/dat/leap/parm/frcmod.ionsjc_tip3p
Reading force field modification type file (frcmod)
Reading title:
Monovalent ion parameters for Ewald and TIP3P water from Joung & Cheatham JPCB (2008)
>> loadAmberParams frcmod.ions234lm_126_tip3p
Loading parameters: /Users/karasunoyusaku/apps/amber22/dat/leap/parm/frcmod.ions234lm_126_tip3p
Reading force field modification type file (frcmod)
Reading title:
Li/Merz ion parameters of divalent to tetravalent ions for TIP3P water model (12-6 normal usage set)
>> 
> 
> source leaprc.gaff2
----- Source: /Users/karasunoyusaku/apps/amber22/dat/leap/cmd/leaprc.gaff2
----- Source of /Users/karasunoyusaku/apps/amber22/dat/leap/cmd/leaprc.gaff2 done
>> logFile leap.log
log started: Tue Dec  5 18:13:08 2023

Log file: ./leap.log
>> #
>> # ----- leaprc for loading the general Amber Force field.
>> #       This file is mostly for use with Antechamber
>> #
>> #	load atom type hybridizations
>> #
>> addAtomTypes {
>> 	{ "h1"  "H" "sp3" }
>> 	{ "h2"  "H" "sp3" }
>> 	{ "h3"  "H" "sp3" }
>> 	{ "h4"  "H" "sp3" }
>> 	{ "h5"  "H" "sp3" }
>> 	{ "ha"  "H" "sp3" }
>> 	{ "hc"  "H" "sp3" }
>> 	{ "hn"  "H" "sp3" }
>> 	{ "ho"  "H" "sp3" }
>> 	{ "hp"  "H" "sp3" }
>> 	{ "hs"  "H" "sp3" }
>> 	{ "hw"  "H" "sp3" }
>> 	{ "hx"  "H" "sp3" }
>> 	{ "o"  "O" "sp2" }
>> 	{ "o2"  "O" "sp2" }
>> 	{ "oh"  "O" "sp3" }
>> 	{ "op"  "O" "sp3" }
>> 	{ "oq"  "O" "sp3" }
>> 	{ "os"  "O" "sp3" }
>> 	{ "ow"  "O" "sp3" }
>> 	{ "c"  "C" "sp2" }
>> 	{ "c1"  "C" "sp2" }
>> 	{ "c2"  "C" "sp2" }
>> 	{ "c3"  "C" "sp3" }
>> 	{ "ca"  "C" "sp2" }
>> 	{ "cc"  "C" "sp2" }
>> 	{ "cd"  "C" "sp2" }
>> 	{ "ce"  "C" "sp2" }
>> 	{ "cf"  "C" "sp2" }
>> 	{ "cg"  "C" "sp2" }
>> 	{ "ch"  "C" "sp2" }
>> 	{ "cp"  "C" "sp2" }
>> 	{ "cs"  "C" "sp2" }
>> 	{ "cq"  "C" "sp2" }
>> 	{ "cu"  "C" "sp2" }
>> 	{ "cv"  "C" "sp2" }
>> 	{ "cx"  "C" "sp2" }
>> 	{ "cy"  "C" "sp2" }
>> 	{ "cz"  "C" "sp2" }
>> 	{ "n"   "N" "sp2" }
>> 	{ "n1"  "N" "sp2" }
>> 	{ "n2"  "N" "sp2" }
>> 	{ "n3"  "N" "sp3" }
>> 	{ "n4"  "N" "sp3" }
>> 	{ "n5"  "N" "sp3" }
>> 	{ "n6"  "N" "sp3" }
>> 	{ "n7"  "N" "sp3" }
>> 	{ "n8"  "N" "sp3" }
>> 	{ "n9"  "N" "sp3" }
>> 	{ "na"  "N" "sp2" }
>> 	{ "nb"  "N" "sp2" }
>> 	{ "nc"  "N" "sp2" }
>> 	{ "nd"  "N" "sp2" }
>> 	{ "ne"  "N" "sp2" }
>> 	{ "nf"  "N" "sp2" }
>> 	{ "nh"  "N" "sp2" }
>> 	{ "ni"  "N" "sp2" }
>> 	{ "nj"  "N" "sp2" }
>> 	{ "nk"  "N" "sp3" }
>> 	{ "nl"  "N" "sp3" }
>> 	{ "nm"  "N" "sp2" }
>> 	{ "nn"  "N" "sp2" }
>> 	{ "no"  "N" "sp2" }
>> 	{ "np"  "N" "sp3" }
>> 	{ "nq"  "N" "sp3" }
>> 	{ "ns"  "N" "sp2" }
>> 	{ "nt"  "N" "sp2" }
>> 	{ "nu"  "N" "sp2" }
>> 	{ "nv"  "N" "sp2" }
>> 	{ "nx"  "N" "sp3" }
>> 	{ "ny"  "N" "sp3" }
>> 	{ "nz"  "N" "sp3" }
>> 	{ "n+"  "N" "sp3" }
>> 	{ "s"   "S" "sp2" }
>> 	{ "s2"   "S" "sp2" }
>> 	{ "s3"   "S" "sp3" }
>> 	{ "s4"   "S" "sp3" }
>> 	{ "s6"   "S" "sp3" }
>> 	{ "sh"   "S" "sp3" }
>> 	{ "sp"   "S" "sp3" }
>> 	{ "sq"   "S" "sp3" }
>> 	{ "ss"   "S" "sp3" }
>> 	{ "sx"   "S" "sp3" }
>> 	{ "sy"   "S" "sp3" }
>> 	{ "p2"   "P" "sp2" }
>> 	{ "p3"   "P" "sp3" }
>> 	{ "p4"   "P" "sp3" }
>> 	{ "p5"   "P" "sp3" }
>> 	{ "pb"   "P" "sp3" }
>> 	{ "pc"   "P" "sp3" }
>> 	{ "pd"   "P" "sp3" }
>> 	{ "pe"   "P" "sp3" }
>> 	{ "pf"   "P" "sp3" }
>> 	{ "px"   "P" "sp3" }
>> 	{ "py"   "P" "sp3" }
>> 	{ "f"   "F" "sp3" }
>> 	{ "cl"  "Cl" "sp3" }
>> 	{ "br"  "Br" "sp3" }
>> 	{ "i"   "I"  "sp3" }
>> }
>> #
>> #	Load the general force field parameter set.
>> #
>> gaff = loadamberparams gaff2.dat
Loading parameters: /Users/karasunoyusaku/apps/amber22/dat/leap/parm/gaff2.dat
Reading title:
AMBER General Force Field for organic molecules (Version 2.2.20, March 2021)
(UNKNOWN ATOM TYPE: c6)
> 
> 
> #追加のイオンの力場の導入
> loadAmberParams frcmod.ionsjc_tip3p
Loading parameters: /Users/karasunoyusaku/apps/amber22/dat/leap/parm/frcmod.ionsjc_tip3p
Reading force field modification type file (frcmod)
Reading title:
Monovalent ion parameters for Ewald and TIP3P water from Joung & Cheatham JPCB (2008)
> loadAmberParams Mg1.frcmod
Loading parameters: ./Mg1.frcmod
Reading force field modification type file (frcmod)
Reading title:
Mg2+ vdw parameters from Magnesium Optimization Paper
> loadAmberPrep OPP.prep
Loading Prep file: ./OPP.prep
Loaded UNIT: OPP
> 
> 
> #pdbを"mol"として読み込む
> mol = loadPDB pre2.pdb
Loading PDB file: ./pre2.pdb
Matching PDB residue names to LEaP variables.
Mapped residue MET, term: Terminal/beginning, seq. number: 0 to: NMET.
Mapped residue SER, term: Terminal/last, seq. number: 377 to: CSER.
  Added missing heavy atom: .R<CSER 378>.A<OXT 12>
  total atoms in file: 3059
  Leap added 2909 missing atoms according to residue templates:
       1 Heavy
       2908 H / lone pairs
> 
> center mol
The center is at: -0.08, 0.25, -0.22
> 
> #boxsize引数で指定された周期境界のボックスを形成する。
> set mol box { 100 100 100 }
> 
> #イオンの追加・末尾の0は中和する数だけイオンを入れるという設定。
> addIons2 mol Na+ 90
Adding 90 counter ions to "mol" using 1A grid
Total solute charge:  -16.00  Max atom radius:   2.07
Grid extends from solute vdw + 1.37  to  7.44
Box:
   enclosing:  -43.11 -37.08 -40.13   44.74 35.81 44.06
   sized:			      84.89 90.92 87.87
   edge:        128.00
Resolution:      1.00 Angstrom.
Tree depth: 7
Volume =  4.36% of box, grid points 91414
Calculating grid charges
Placed Na+ in mol at (27.89, -19.08, -12.13).
Placed Na+ in mol at (-8.11, -19.08, -2.13).
Placed Na+ in mol at (8.89, 19.92, -9.13).
Placed Na+ in mol at (12.89, 3.92, -8.13).
Placed Na+ in mol at (-23.11, -12.08, -11.13).
Placed Na+ in mol at (13.89, 6.92, 24.87).
Placed Na+ in mol at (18.89, -4.08, 11.87).
Placed Na+ in mol at (-5.11, -20.08, 13.87).
Placed Na+ in mol at (13.89, 8.92, -21.13).
Placed Na+ in mol at (-14.11, -13.08, -3.13).
Placed Na+ in mol at (-28.11, -2.08, -7.13).
Placed Na+ in mol at (1.89, 1.92, -4.13).
Placed Na+ in mol at (5.89, 0.92, 33.87).
Placed Na+ in mol at (-18.11, 6.92, -19.13).
Placed Na+ in mol at (36.89, -21.08, -8.13).
Placed Na+ in mol at (8.89, 12.92, 22.87).
Placed Na+ in mol at (22.89, 13.92, 3.87).
Placed Na+ in mol at (18.89, -26.08, -29.13).
Placed Na+ in mol at (0.89, 27.92, -14.13).
Placed Na+ in mol at (20.89, 5.92, -11.13).
Placed Na+ in mol at (-12.11, -28.08, -5.13).
Placed Na+ in mol at (-6.11, 2.92, -26.13).
Placed Na+ in mol at (-6.11, -27.08, 19.87).
Placed Na+ in mol at (30.89, -24.08, -21.13).
Placed Na+ in mol at (-0.11, -16.08, -13.13).
Placed Na+ in mol at (-16.11, 0.92, 23.87).
Placed Na+ in mol at (14.89, 19.92, 9.87).
Placed Na+ in mol at (-23.11, -17.08, -2.13).
Placed Na+ in mol at (30.89, -16.08, -12.13).
Placed Na+ in mol at (15.89, 14.92, -5.13).
Placed Na+ in mol at (-15.11, 11.92, -11.13).
Placed Na+ in mol at (16.89, 3.92, 28.87).
Placed Na+ in mol at (9.89, -24.08, -17.13).
Placed Na+ in mol at (-8.11, 9.92, 22.87).
Placed Na+ in mol at (33.89, -5.08, -4.13).
Placed Na+ in mol at (1.89, -1.08, -27.13).
Placed Na+ in mol at (-0.11, 18.92, 9.87).
Placed Na+ in mol at (-29.11, 10.92, -5.13).
Placed Na+ in mol at (5.89, -3.08, 38.87).
Placed Na+ in mol at (-2.11, -21.08, 1.87).
Placed Na+ in mol at (-17.11, 8.92, 16.87).
Placed Na+ in mol at (-13.11, 1.92, -20.13).
Placed Na+ in mol at (35.89, -29.08, -20.13).
Placed Na+ in mol at (19.89, 0.92, 5.87).
Placed Na+ in mol at (3.89, 21.92, -25.13).
Placed Na+ in mol at (-13.11, -15.08, 9.87).
Placed Na+ in mol at (18.89, 5.92, -23.13).
Placed Na+ in mol at (0.89, 3.92, 21.87).
Placed Na+ in mol at (-11.11, 25.92, 0.87).
Placed Na+ in mol at (5.89, -17.08, 12.87).
Placed Na+ in mol at (-25.11, -9.08, -7.13).
Placed Na+ in mol at (25.89, 3.92, -15.13).
Placed Na+ in mol at (-9.11, -31.08, -1.13).
Placed Na+ in mol at (6.89, 15.92, -3.13).
Placed Na+ in mol at (17.89, -21.08, -29.13).
Placed Na+ in mol at (-14.11, -4.08, -3.13).
Placed Na+ in mol at (35.89, -23.08, -13.13).
Placed Na+ in mol at (39.89, -24.08, -13.13).
Placed Na+ in mol at (18.89, 2.92, 20.87).
Placed Na+ in mol at (-33.11, 0.92, -5.13).
Placed Na+ in mol at (-7.11, 17.92, -25.13).
Placed Na+ in mol at (21.89, 4.92, -4.13).
Placed Na+ in mol at (-11.11, 23.92, 11.87).
Placed Na+ in mol at (16.89, 15.92, -19.13).
Placed Na+ in mol at (5.89, -22.08, -14.13).
Placed Na+ in mol at (15.89, -11.08, 12.87).
Placed Na+ in mol at (-10.11, -26.08, 15.87).
Placed Na+ in mol at (6.89, 7.92, 21.87).
Placed Na+ in mol at (17.89, -6.08, -18.13).
Placed Na+ in mol at (-15.11, 18.92, -13.13).
Placed Na+ in mol at (-25.11, 3.92, 10.87).
Placed Na+ in mol at (4.89, 22.92, -31.13).
Placed Na+ in mol at (-14.11, -34.08, 5.87).
Placed Na+ in mol at (9.89, -0.08, 37.87).
Placed Na+ in mol at (11.89, -27.08, -24.13).
Placed Na+ in mol at (4.89, 27.92, -18.13).
Placed Na+ in mol at (-27.11, -18.08, 27.87).
Placed Na+ in mol at (24.89, -16.08, -14.13).
Placed Na+ in mol at (22.89, 11.92, 8.87).
Placed Na+ in mol at (-4.11, -14.08, -10.13).
Placed Na+ in mol at (-19.11, -4.08, 20.87).
Placed Na+ in mol at (-42.11, 6.92, 9.87).
Placed Na+ in mol at (-23.11, -6.08, -12.13).
Placed Na+ in mol at (3.89, -5.08, 27.87).
Placed Na+ in mol at (30.89, -14.08, -3.13).
Placed Na+ in mol at (-6.11, 32.92, 13.87).
Placed Na+ in mol at (9.89, 6.92, -13.13).
Placed Na+ in mol at (3.89, -21.08, -38.13).
Placed Na+ in mol at (31.89, -33.08, -5.13).
Placed Na+ in mol at (9.89, -19.08, 40.87).

Done adding ions.
> addIons2 mol Cl- 0
74 Cl- ions required to neutralize.
Adding 74 counter ions to "mol" using 1A grid
Total solute charge:  74.00  Max atom radius:   2.07
Grid extends from solute vdw + 2.51  to  8.59
Box:
   enclosing:  -50.70 -42.67 -46.71   48.48 41.51 49.46
   sized:			      77.30 85.33 81.29
   edge:        128.00
Resolution:      1.00 Angstrom.
Tree depth: 7
Volume =  5.22% of box, grid points 109532
Calculating grid charges
Placed Cl- in mol at (37.30, -25.67, -15.71).
Placed Cl- in mol at (19.30, 6.33, -6.71).
Placed Cl- in mol at (10.30, -25.67, -20.71).
Placed Cl- in mol at (-26.70, -5.67, -8.71).
Placed Cl- in mol at (3.30, 7.33, 23.29).
Placed Cl- in mol at (-0.70, -17.67, -16.71).
Placed Cl- in mol at (-17.70, -2.67, 24.29).
Placed Cl- in mol at (16.30, -2.67, -19.71).
Placed Cl- in mol at (9.30, -5.67, 21.29).
Placed Cl- in mol at (25.30, -19.67, -15.71).
Placed Cl- in mol at (6.30, 24.33, -27.71).
Placed Cl- in mol at (19.30, 1.33, 17.29).
Placed Cl- in mol at (8.30, -17.67, 37.29).
Placed Cl- in mol at (38.30, -24.67, -8.71).
Placed Cl- in mol at (-1.70, 12.33, 24.29).
Placed Cl- in mol at (-10.70, -32.67, 4.29).
Placed Cl- in mol at (19.30, 4.33, 8.29).
Placed Cl- in mol at (-17.70, 10.33, 13.29).
Placed Cl- in mol at (-19.70, 3.33, -13.71).
Placed Cl- in mol at (15.30, 8.33, -24.71).
Placed Cl- in mol at (-3.70, -17.67, -11.71).
Placed Cl- in mol at (8.30, 3.33, 36.29).
Placed Cl- in mol at (5.30, -19.67, -34.71).
Placed Cl- in mol at (13.30, -13.67, 14.29).
Placed Cl- in mol at (-13.70, 18.33, -16.71).
Placed Cl- in mol at (32.30, -27.67, -21.71).
Placed Cl- in mol at (2.30, -4.67, 24.29).
Placed Cl- in mol at (-4.70, 29.33, 13.29).
Placed Cl- in mol at (-37.70, 6.33, 10.29).
Placed Cl- in mol at (24.30, 15.33, 7.29).
Placed Cl- in mol at (-16.70, -15.67, 11.29).
Placed Cl- in mol at (-1.70, 0.33, -27.71).
Placed Cl- in mol at (0.30, 24.33, -5.71).
Placed Cl- in mol at (-9.70, -28.67, 19.29).
Placed Cl- in mol at (30.30, -17.67, -1.71).
Placed Cl- in mol at (-14.70, -16.67, -1.71).
Placed Cl- in mol at (18.30, -22.67, -32.71).
Placed Cl- in mol at (19.30, 2.33, -10.71).
Placed Cl- in mol at (-12.70, 20.33, 11.29).
Placed Cl- in mol at (18.30, 3.33, 25.29).
Placed Cl- in mol at (9.30, -23.67, -12.71).
Placed Cl- in mol at (3.30, 31.33, -16.71).
Placed Cl- in mol at (-21.70, 2.33, 12.29).
Placed Cl- in mol at (9.30, -2.67, 41.29).
Placed Cl- in mol at (-12.70, -31.67, -3.71).
Placed Cl- in mol at (-10.70, 16.33, -24.71).
Placed Cl- in mol at (-25.70, -18.67, 24.29).
Placed Cl- in mol at (30.30, -1.67, -4.71).
Placed Cl- in mol at (-31.70, 4.33, -6.71).
Placed Cl- in mol at (3.30, 21.33, 11.29).
Placed Cl- in mol at (15.30, -8.67, -19.71).
Placed Cl- in mol at (-13.70, 27.33, -1.71).
Placed Cl- in mol at (-26.70, -12.67, -9.71).
Placed Cl- in mol at (19.30, 13.33, -3.71).
Placed Cl- in mol at (28.30, -31.67, -5.71).
Placed Cl- in mol at (5.30, -20.67, 14.29).
Placed Cl- in mol at (-11.70, 1.33, -23.71).
Placed Cl- in mol at (-11.70, -17.67, 21.29).
Placed Cl- in mol at (18.30, 19.33, -17.71).
Placed Cl- in mol at (9.30, -25.67, -26.71).
Placed Cl- in mol at (41.30, -20.67, -11.71).
Placed Cl- in mol at (23.30, 9.33, 12.29).
Placed Cl- in mol at (1.30, 21.33, -30.71).
Placed Cl- in mol at (2.30, -15.67, 34.29).
Placed Cl- in mol at (-18.70, 18.33, -11.71).
Placed Cl- in mol at (2.30, -13.67, -38.71).
Placed Cl- in mol at (-45.70, 8.33, 9.29).
Placed Cl- in mol at (-13.70, -5.67, -6.71).
Placed Cl- in mol at (27.30, 3.33, -18.71).
Placed Cl- in mol at (12.30, -9.67, 40.29).
Placed Cl- in mol at (7.30, 12.33, 19.29).
Placed Cl- in mol at (16.30, 5.33, -29.71).
Placed Cl- in mol at (-17.70, -34.67, 7.29).
Placed Cl- in mol at (35.30, -12.67, -19.71).

Done adding ions.
> 
> #ボックスの周りに更に0.01Aのボックスを設置し、溶媒和させる。
> solvateBox mol TIP3PBOX 0.01
  Solute vdw bounding box:              100.000 100.000 100.000
  Total bounding box for atom centers:  100.020 100.020 100.020
  Solvent unit box:                     18.774 18.774 18.774
The number of boxes:  x= 6  y= 6  z= 6
  Total vdw box size:                   103.148 103.544 103.216 angstroms.
  Volume: 1102382.341 A^3 
  Total mass 556076.929 amu,  Density 0.838 g/cc
  Added 28185 residues.
> #最後に、"mol"という溶媒和ボックスの系の電荷情報を表示する。0.00000になっていることが理想。
> charge mol
Total unperturbed charge:   0.003000
Total perturbed charge:     0.003000
> 
> #溶媒和された系のトポロジー・初期座標をleap.parm7, leap.rst7としてそれぞれ保存
> saveAmberParm mol leap.parm7 leap.rst7
Checking Unit.

/Users/karasunoyusaku/apps/amber22/bin/teLeap: Warning!
There is a bond of 4.164 angstroms between P2 and O4 atoms:
-------  .R<OPP 382>.A<P2 6> and .R<OPP 382>.A<O4 9>

/Users/karasunoyusaku/apps/amber22/bin/teLeap: Warning!
There is a bond of 3.197 angstroms between P1 and O6 atoms:
-------  .R<OPP 382>.A<P1 2> and .R<OPP 382>.A<O6 4>

/Users/karasunoyusaku/apps/amber22/bin/teLeap: Note.
Ignoring the warnings from Unit Checking.

Building topology.
Building atom parameters.
Building bond parameters.
Building angle parameters.
Building proper torsion parameters.
Building improper torsion parameters.
old PREP-specified impropers:
 total 1273 improper torsions applied
 0 improper torsions in old prep form
Building H-Bond parameters.
Incorporating Non-Bonded adjustments.
Not Marking per-residue atom chain types.
Marking per-residue atom chain types.
  (Residues lacking connect0/connect1 - 
   these don't have chain types marked:

	res	total affected

	CSER	1
	NMET	1
	WAT	28185
  )
 (no restraints)
> 
> #溶媒和された系のPDBファイルをleap.pdbとして保存
> savePDB mol leap.pdb
Writing pdb file: leap.pdb
   printing CRYST1 record to PDB file with box info

/Users/karasunoyusaku/apps/amber22/bin/teLeap: Warning!
 Converting N-terminal residue name to PDB format: NMET -> MET

/Users/karasunoyusaku/apps/amber22/bin/teLeap: Warning!
 Converting C-terminal residue name to PDB format: CSER -> SER
> quit
	Quit

Exiting LEaP: Errors = 0; Warnings = 4; Notes = 1.
